This is pdfTeX, Version 3.141592653-2.6-1.40.25 (MiKTeX 24.1) (preloaded format=pdflatex 2024.7.13)  15 JUL 2024 20:39
entering extended mode
 restricted \write18 enabled.
 file:line:error style messages enabled.
 %&-line parsing enabled.
**"c:/Users/juan_/Dropbox/Mi PC (LAPTOP-T32JCHQ3)/Documents/GitHub/Data_Science_Final_Project/src/data-science-project/data_science_project/docs/report/report.tex"
(c:/Users/juan_/Dropbox/Mi PC (LAPTOP-T32JCHQ3)/Documents/GitHub/Data_Science_Final_Project/src/data-science-project/data_science_project/docs/report/report.tex
LaTeX2e <2023-11-01> patch level 1
L3 programming layer <2024-01-04>
(C:\Users\juan_\AppData\Local\Programs\MiKTeX\tex/latex/base\article.cls
Document Class: article 2023/05/17 v1.4n Standard LaTeX document class
(C:\Users\juan_\AppData\Local\Programs\MiKTeX\tex/latex/base\size10.clo
File: size10.clo 2023/05/17 v1.4n Standard LaTeX file (size option)
)
\c@part=\count187
\c@section=\count188
\c@subsection=\count189
\c@subsubsection=\count190
\c@paragraph=\count191
\c@subparagraph=\count192
\c@figure=\count193
\c@table=\count194
\abovecaptionskip=\skip48
\belowcaptionskip=\skip49
\bibindent=\dimen140
) (C:\Users\juan_\AppData\Local\Programs\MiKTeX\tex/latex/base\inputenc.sty
Package: inputenc 2021/02/14 v1.3d Input encoding file
\inpenc@prehook=\toks17
\inpenc@posthook=\toks18
) (C:\Users\juan_\AppData\Local\Programs\MiKTeX\tex/latex/graphics\graphicx.sty
Package: graphicx 2021/09/16 v1.2d Enhanced LaTeX Graphics (DPC,SPQR)
 (C:\Users\juan_\AppData\Local\Programs\MiKTeX\tex/latex/graphics\keyval.sty
Package: keyval 2022/05/29 v1.15 key=value parser (DPC)
\KV@toks@=\toks19
) (C:\Users\juan_\AppData\Local\Programs\MiKTeX\tex/latex/graphics\graphics.sty
Package: graphics 2022/03/10 v1.4e Standard LaTeX Graphics (DPC,SPQR)
 (C:\Users\juan_\AppData\Local\Programs\MiKTeX\tex/latex/graphics\trig.sty
Package: trig 2021/08/11 v1.11 sin cos tan (DPC)
) (C:\Users\juan_\AppData\Local\Programs\MiKTeX\tex/latex/graphics-cfg\graphics.cfg
File: graphics.cfg 2016/06/04 v1.11 sample graphics configuration
)
Package graphics Info: Driver file: pdftex.def on input line 107.
 (C:\Users\juan_\AppData\Local\Programs\MiKTeX\tex/latex/graphics-def\pdftex.def
File: pdftex.def 2022/09/22 v1.2b Graphics/color driver for pdftex
))
\Gin@req@height=\dimen141
\Gin@req@width=\dimen142
) (C:\Users\juan_\AppData\Local\Programs\MiKTeX\tex/latex/float\float.sty
Package: float 2001/11/08 v1.3d Float enhancements (AL)
\c@float@type=\count195
\float@exts=\toks20
\float@box=\box51
\@float@everytoks=\toks21
\@floatcapt=\box52
) (C:\Users\juan_\AppData\Local\Programs\MiKTeX\tex/latex/l3backend\l3backend-pdftex.def
File: l3backend-pdftex.def 2024-01-04 L3 backend support: PDF output (pdfTeX)
\l__color_backend_stack_int=\count196
\l__pdf_internal_box=\box53
) (report.aux)
\openout1 = `report.aux'.

LaTeX Font Info:    Checking defaults for OML/cmm/m/it on input line 10.
LaTeX Font Info:    ... okay on input line 10.
LaTeX Font Info:    Checking defaults for OMS/cmsy/m/n on input line 10.
LaTeX Font Info:    ... okay on input line 10.
LaTeX Font Info:    Checking defaults for OT1/cmr/m/n on input line 10.
LaTeX Font Info:    ... okay on input line 10.
LaTeX Font Info:    Checking defaults for T1/cmr/m/n on input line 10.
LaTeX Font Info:    ... okay on input line 10.
LaTeX Font Info:    Checking defaults for TS1/cmr/m/n on input line 10.
LaTeX Font Info:    ... okay on input line 10.
LaTeX Font Info:    Checking defaults for OMX/cmex/m/n on input line 10.
LaTeX Font Info:    ... okay on input line 10.
LaTeX Font Info:    Checking defaults for U/cmr/m/n on input line 10.
LaTeX Font Info:    ... okay on input line 10.
 (C:\Users\juan_\AppData\Local\Programs\MiKTeX\tex/context/base/mkii\supp-pdf.mkii
[Loading MPS to PDF converter (version 2006.09.02).]
\scratchcounter=\count197
\scratchdimen=\dimen143
\scratchbox=\box54
\nofMPsegments=\count198
\nofMParguments=\count199
\everyMPshowfont=\toks22
\MPscratchCnt=\count266
\MPscratchDim=\dimen144
\MPnumerator=\count267
\makeMPintoPDFobject=\count268
\everyMPtoPDFconversion=\toks23
) (C:\Users\juan_\AppData\Local\Programs\MiKTeX\tex/latex/epstopdf-pkg\epstopdf-base.sty
Package: epstopdf-base 2020-01-24 v2.11 Base part for package epstopdf
Package epstopdf-base Info: Redefining graphics rule for `.eps' on input line 485.
 (C:\Users\juan_\AppData\Local\Programs\MiKTeX\tex/latex/00miktex\epstopdf-sys.cfg
File: epstopdf-sys.cfg 2021/03/18 v2.0 Configuration of epstopdf for MiKTeX
))
LaTeX Font Info:    External font `cmex10' loaded for size
(Font)              <12> on input line 12.
LaTeX Font Info:    External font `cmex10' loaded for size
(Font)              <8> on input line 12.
LaTeX Font Info:    External font `cmex10' loaded for size
(Font)              <6> on input line 12.
 [1

{C:/Users/juan_/AppData/Local/MiKTeX/fonts/map/pdftex/pdftex.map}]
<images/train_df.png, id=10, 836.3747pt x 209.28188pt>
File: images/train_df.png Graphic file (type png)
<use images/train_df.png>
Package pdftex.def Info: images/train_df.png  used on input line 45.
(pdftex.def)             Requested size: 310.4979pt x 77.69493pt.
<images/descrip_train.png, id=12, 856.70062pt x 304.13625pt>
File: images/descrip_train.png Graphic file (type png)
<use images/descrip_train.png>
Package pdftex.def Info: images/descrip_train.png  used on input line 53.
(pdftex.def)             Requested size: 310.4979pt x 110.22684pt.
<images/test_df.png, id=13, 760.34062pt x 423.08063pt>
File: images/test_df.png Graphic file (type png)
<use images/test_df.png>
Package pdftex.def Info: images/test_df.png  used on input line 61.
(pdftex.def)             Requested size: 310.4979pt x 172.77342pt.
 [2 <./images/train_df.png> <./images/descrip_train.png>]
<images/train_ydata.png, id=19, 642.14906pt x 378.66469pt>
File: images/train_ydata.png Graphic file (type png)
<use images/train_ydata.png>
Package pdftex.def Info: images/train_ydata.png  used on input line 69.
(pdftex.def)             Requested size: 310.4979pt x 183.09746pt.
 [3 <./images/test_df.png> <./images/train_ydata.png>]
<images/output.png, id=25, 750.1626pt x 595.5048pt>
File: images/output.png Graphic file (type png)
<use images/output.png>
Package pdftex.def Info: images/output.png  used on input line 93.
(pdftex.def)             Requested size: 310.4979pt x 246.48474pt.
 [4 <./images/output.png>]
LaTeX Font Info:    External font `cmex10' loaded for size
(Font)              <7> on input line 112.
LaTeX Font Info:    External font `cmex10' loaded for size
(Font)              <5> on input line 112.

Overfull \hbox (24.01926pt too wide) in paragraph at lines 112--113
\OT1/cmr/m/n/10 such as $\OML/cmm/m/it/10 n[]estimators \OT1/cmr/m/n/10 = 200$, $\OML/cmm/m/it/10 max[]depth \OT1/cmr/m/n/10 = 8$, $\OML/cmm/m/it/10 learning[]rate \OT1/cmr/m/n/10 = 0\OML/cmm/m/it/10 :\OT1/cmr/m/n/10 2$, $\OML/cmm/m/it/10 subsample \OT1/cmr/m/n/10 =
 []


Overfull \hbox (55.52763pt too wide) in paragraph at lines 113--114
\OT1/cmr/m/n/10 ram-e-ters in-clud-ing $\OML/cmm/m/it/10 n[]estimators \OT1/cmr/m/n/10 = 110$, $\OML/cmm/m/it/10 min[]samples[]split \OT1/cmr/m/n/10 = 10$, $\OML/cmm/m/it/10 min[]samples[]leaf \OT1/cmr/m/n/10 =
 []

<images/comparisonxg.jpg, id=30, 651.18282pt x 416.30531pt>
File: images/comparisonxg.jpg Graphic file (type jpg)
<use images/comparisonxg.jpg>
Package pdftex.def Info: images/comparisonxg.jpg  used on input line 124.
(pdftex.def)             Requested size: 276.00105pt x 176.45416pt.
[5]
<images/comparison.jpg, id=36, 656.4525pt x 425.33907pt>
File: images/comparison.jpg Graphic file (type jpg)
<use images/comparison.jpg>
Package pdftex.def Info: images/comparison.jpg  used on input line 134.
(pdftex.def)             Requested size: 276.00105pt x 178.82939pt.
<images/question1.jpg, id=37, 963.6pt x 531.48563pt>
File: images/question1.jpg Graphic file (type jpg)
<use images/question1.jpg>
Package pdftex.def Info: images/question1.jpg  used on input line 149.
(pdftex.def)             Requested size: 276.00105pt x 152.22919pt.
 [6 <./images/comparisonxg.jpg> <./images/comparison.jpg>]
<images/question2.jpg, id=41, 772.38562pt x 454.69875pt>
File: images/question2.jpg Graphic file (type jpg)
<use images/question2.jpg>
Package pdftex.def Info: images/question2.jpg  used on input line 159.
(pdftex.def)             Requested size: 276.00105pt x 162.47725pt.
<images/question3.jpg, id=42, 864.22874pt x 513.41812pt>
File: images/question3.jpg Graphic file (type jpg)
<use images/question3.jpg>
Package pdftex.def Info: images/question3.jpg  used on input line 169.
(pdftex.def)             Requested size: 241.49895pt x 143.46622pt.
 [7 <./images/question1.jpg> <./images/question2.jpg>]
<images/question4.jpg, id=47, 963.6pt x 417.81094pt>
File: images/question4.jpg Graphic file (type jpg)
<use images/question4.jpg>
Package pdftex.def Info: images/question4.jpg  used on input line 180.
(pdftex.def)             Requested size: 276.00105pt x 119.67026pt.
<images/question5.jpg, id=48, 963.6pt x 446.41782pt>
File: images/question5.jpg Graphic file (type jpg)
<use images/question5.jpg>
Package pdftex.def Info: images/question5.jpg  used on input line 190.
(pdftex.def)             Requested size: 276.00105pt x 127.86389pt.
 [8 <./images/question3.jpg> <./images/question4.jpg>] [9 <./images/question5.jpg>] (report.aux)
 ***********
LaTeX2e <2023-11-01> patch level 1
L3 programming layer <2024-01-04>
 ***********
 ) 
Here is how much of TeX's memory you used:
 1493 strings out of 474485
 26827 string characters out of 5743734
 1931542 words of memory out of 5000000
 23808 multiletter control sequences out of 15000+600000
 562351 words of font info for 50 fonts, out of 8000000 for 9000
 1141 hyphenation exceptions out of 8191
 57i,6n,65p,906b,330s stack positions out of 10000i,1000n,20000p,200000b,200000s
 <C:\Users\juan_\AppData\Local\MiKTeX\fonts/pk/ljfour/jknappen/ec/dpi600\tcrm1000.pk><C:/Users/juan_/AppData/Local/Programs/MiKTeX/fonts/type1/public/amsfonts/cm/cmbx12.pfb><C:/Users/juan_/AppData/Local/Programs/MiKTeX/fonts/type1/public/amsfonts/cm/cmmi10.pfb><C:/Users/juan_/AppData/Local/Programs/MiKTeX/fonts/type1/public/amsfonts/cm/cmr10.pfb><C:/Users/juan_/AppData/Local/Programs/MiKTeX/fonts/type1/public/amsfonts/cm/cmr12.pfb><C:/Users/juan_/AppData/Local/Programs/MiKTeX/fonts/type1/public/amsfonts/cm/cmr17.pfb><C:/Users/juan_/AppData/Local/Programs/MiKTeX/fonts/type1/public/amsfonts/cm/cmsy10.pfb>
Output written on report.pdf (9 pages, 899152 bytes).
PDF statistics:
 86 PDF objects out of 1000 (max. 8388607)
 0 named destinations out of 1000 (max. 500000)
 61 words of extra memory for PDF output out of 10000 (max. 10000000)

